
*** Running vivado
    with args -log pointwise_conv.vds -m64 -product Vivado -mode batch -messageDb vivado.pb -notrace -source pointwise_conv.tcl

INFO: [Common 17-3922] A valid Vivado Design Suite BASIC license has been detected. Your current license is active and will expire on 25-jun-2027.
#-----------------------------------------------------------
# Vivado v2026.1 (64-bit)
# SW Build 6511674 on Tue Jun 16 11:01:26 MDT 2026
# IP Build 6504888 on Tue Jun 09 09:05:25 MDT 2026
# SharedData Build 6501428 on Mon Jun 08 17:34:18 MDT 2026
# Start of session at: Sat Jun 27 01:10:22 2026
# Process ID         : 10929
# Current directory  : /home/dulana/Documents/DVcon/DVconstage2B/DVconstage2B.runs/synth_1
# Command line       : vivado -log pointwise_conv.vds -product Vivado -mode batch -messageDb vivado.pb -notrace -source pointwise_conv.tcl
# Log file           : /home/dulana/Documents/DVcon/DVconstage2B/DVconstage2B.runs/synth_1/pointwise_conv.vds
# Journal file       : /home/dulana/Documents/DVcon/DVconstage2B/DVconstage2B.runs/synth_1/vivado.jou
# Running On         : dulana-ThinkPad-P14s-Gen-4
# Platform           : Ubuntu
# Operating System   : Ubuntu 24.04.4 LTS
# Processor Detail   : 13th Gen Intel(R) Core(TM) i5-1350P
# CPU Frequency      : 399.764 MHz
# CPU Physical cores : 12
# CPU Logical cores  : 16
# Host memory        : 16404 MB
# Swap memory        : 4294 MB
# Total Virtual      : 20699 MB
# Available Virtual  : 17038 MB
#-----------------------------------------------------------

****** Vivado v2026.1 (64-bit)
  **** SW Build 6511674 on Tue Jun 16 11:01:26 MDT 2026
  **** IP Build 6504888 on Tue Jun 09 09:05:25 MDT 2026
  **** SharedData Build 6501428 on Mon Jun 08 17:34:18 MDT 2026
  **** Start of session at: Sat Jun 27 01:10:22 2026
    ** Copyright 1986-2022 Xilinx, Inc. All Rights Reserved.
    ** Copyright 2022-2026 Advanced Micro Devices, Inc. All Rights Reserved.

source pointwise_conv.tcl -notrace
Command: synth_design -top pointwise_conv -part xc7k325tffg900-2
Starting synth_design
Attempting to get a license for feature 'Vivado_Synthesis' and/or device 'xc7k325t'
INFO: [Common 17-349] Got license for feature 'Vivado_Synthesis' and/or device 'xc7k325t'
INFO: [Synth 8-7079] Multithreading enabled for synth_design using a maximum of 7 processes.
INFO: [Synth 8-7078] Launching helper process for spawning children vivado processes
INFO: [Synth 8-7075] Helper process launched with PID 10976
---------------------------------------------------------------------------------
Starting Synthesize : Time (s): cpu = 00:00:03 ; elapsed = 00:00:03 . Memory (MB): peak = 2232.320 ; gain = 497.586 ; free physical = 6525 ; free virtual = 15059
---------------------------------------------------------------------------------
INFO: [Synth 8-6157] synthesizing module 'pointwise_conv' [/home/dulana/Documents/DVcon/DVconstage2B/DVconstage2B.srcs/sources_1/new/pointwise_conv.v:3]
INFO: [Synth 8-6157] synthesizing module 'mac_unit' [/home/dulana/Documents/DVcon/DVconstage2B/DVconstage2B.srcs/sources_1/new/mac_unit.v:3]
	Parameter DATA_WIDTH bound to: 8 - type: integer 
	Parameter ACC_WIDTH bound to: 32 - type: integer 
INFO: [Synth 8-6155] done synthesizing module 'mac_unit' (0#1) [/home/dulana/Documents/DVcon/DVconstage2B/DVconstage2B.srcs/sources_1/new/mac_unit.v:3]
INFO: [Synth 8-6155] done synthesizing module 'pointwise_conv' (0#1) [/home/dulana/Documents/DVcon/DVconstage2B/DVconstage2B.srcs/sources_1/new/pointwise_conv.v:3]
---------------------------------------------------------------------------------
Finished Synthesize : Time (s): cpu = 00:00:04 ; elapsed = 00:00:04 . Memory (MB): peak = 2318.258 ; gain = 583.523 ; free physical = 6406 ; free virtual = 14945
---------------------------------------------------------------------------------
---------------------------------------------------------------------------------
Finished Constraint Validation : Time (s): cpu = 00:00:04 ; elapsed = 00:00:05 . Memory (MB): peak = 2333.102 ; gain = 598.367 ; free physical = 6404 ; free virtual = 14947
---------------------------------------------------------------------------------
---------------------------------------------------------------------------------
Start Loading Part and Timing Information
---------------------------------------------------------------------------------
Loading part: xc7k325tffg900-2
INFO: [Device 21-403] Loading part xc7k325tffg900-2
---------------------------------------------------------------------------------
Finished Loading Part and Timing Information : Time (s): cpu = 00:00:04 ; elapsed = 00:00:05 . Memory (MB): peak = 2333.102 ; gain = 598.367 ; free physical = 6404 ; free virtual = 14947
---------------------------------------------------------------------------------
---------------------------------------------------------------------------------
Finished RTL Optimization Phase 2 : Time (s): cpu = 00:00:05 ; elapsed = 00:00:05 . Memory (MB): peak = 2342.008 ; gain = 607.273 ; free physical = 6400 ; free virtual = 14947
---------------------------------------------------------------------------------
No constraint files found.
---------------------------------------------------------------------------------
Start RTL Component Statistics 
---------------------------------------------------------------------------------
Detailed RTL Component Info : 
+---Registers : 
	               32 Bit    Registers := 16    
+---Muxes : 
	   2 Input   32 Bit        Muxes := 16    
---------------------------------------------------------------------------------
Finished RTL Component Statistics 
---------------------------------------------------------------------------------
---------------------------------------------------------------------------------
Start Part Resource Summary
---------------------------------------------------------------------------------
Part Resources:
DSPs: 840 (col length:140)
BRAMs: 890 (col length: RAMB18 140 RAMB36 70)
---------------------------------------------------------------------------------
Finished Part Resource Summary
---------------------------------------------------------------------------------
No constraint files found.
---------------------------------------------------------------------------------
Start Cross Boundary and Area Optimization
---------------------------------------------------------------------------------
---------------------------------------------------------------------------------
Finished Cross Boundary and Area Optimization : Time (s): cpu = 00:00:08 ; elapsed = 00:00:09 . Memory (MB): peak = 2521.367 ; gain = 786.633 ; free physical = 6161 ; free virtual = 14745
---------------------------------------------------------------------------------
No constraint files found.
---------------------------------------------------------------------------------
Start Timing Optimization
---------------------------------------------------------------------------------
---------------------------------------------------------------------------------
Finished Timing Optimization : Time (s): cpu = 00:00:08 ; elapsed = 00:00:09 . Memory (MB): peak = 2537.211 ; gain = 802.477 ; free physical = 6157 ; free virtual = 14745
---------------------------------------------------------------------------------
---------------------------------------------------------------------------------
Start Technology Mapping
---------------------------------------------------------------------------------
---------------------------------------------------------------------------------
Finished Technology Mapping : Time (s): cpu = 00:00:09 ; elapsed = 00:00:09 . Memory (MB): peak = 2537.211 ; gain = 802.477 ; free physical = 6149 ; free virtual = 14737
---------------------------------------------------------------------------------
---------------------------------------------------------------------------------
Start IO Insertion
---------------------------------------------------------------------------------
---------------------------------------------------------------------------------
Start Flattening Before IO Insertion
---------------------------------------------------------------------------------
---------------------------------------------------------------------------------
Finished Flattening Before IO Insertion
---------------------------------------------------------------------------------
---------------------------------------------------------------------------------
Start Final Netlist Cleanup
---------------------------------------------------------------------------------
---------------------------------------------------------------------------------
Finished Final Netlist Cleanup
---------------------------------------------------------------------------------
---------------------------------------------------------------------------------
Finished IO Insertion : Time (s): cpu = 00:00:11 ; elapsed = 00:00:11 . Memory (MB): peak = 2720.023 ; gain = 985.289 ; free physical = 6008 ; free virtual = 14586
---------------------------------------------------------------------------------
---------------------------------------------------------------------------------
Start Renaming Generated Instances
---------------------------------------------------------------------------------
---------------------------------------------------------------------------------
Finished Renaming Generated Instances : Time (s): cpu = 00:00:11 ; elapsed = 00:00:11 . Memory (MB): peak = 2720.023 ; gain = 985.289 ; free physical = 6008 ; free virtual = 14586
---------------------------------------------------------------------------------
---------------------------------------------------------------------------------
Start Rebuilding User Hierarchy
---------------------------------------------------------------------------------
---------------------------------------------------------------------------------
Finished Rebuilding User Hierarchy : Time (s): cpu = 00:00:11 ; elapsed = 00:00:11 . Memory (MB): peak = 2720.023 ; gain = 985.289 ; free physical = 6013 ; free virtual = 14591
---------------------------------------------------------------------------------
---------------------------------------------------------------------------------
Start Renaming Generated Ports
---------------------------------------------------------------------------------
---------------------------------------------------------------------------------
Finished Renaming Generated Ports : Time (s): cpu = 00:00:11 ; elapsed = 00:00:11 . Memory (MB): peak = 2720.023 ; gain = 985.289 ; free physical = 6013 ; free virtual = 14591
---------------------------------------------------------------------------------
---------------------------------------------------------------------------------
Start Handling Custom Attributes
---------------------------------------------------------------------------------
---------------------------------------------------------------------------------
Finished Handling Custom Attributes : Time (s): cpu = 00:00:11 ; elapsed = 00:00:11 . Memory (MB): peak = 2720.023 ; gain = 985.289 ; free physical = 6013 ; free virtual = 14591
---------------------------------------------------------------------------------
---------------------------------------------------------------------------------
Start Renaming Generated Nets
---------------------------------------------------------------------------------
---------------------------------------------------------------------------------
Finished Renaming Generated Nets : Time (s): cpu = 00:00:11 ; elapsed = 00:00:11 . Memory (MB): peak = 2720.023 ; gain = 985.289 ; free physical = 6013 ; free virtual = 14591
---------------------------------------------------------------------------------
---------------------------------------------------------------------------------
Start Writing Synthesis Report
---------------------------------------------------------------------------------

Report BlackBoxes: 
+-+--------------+----------+
| |BlackBox name |Instances |
+-+--------------+----------+
+-+--------------+----------+

Report Cell Usage: 
+------+-------+------+
|      |Cell   |Count |
+------+-------+------+
|1     |BUFG   |     1|
|2     |CARRY4 |   320|
|3     |LUT1   |     1|
|4     |LUT2   |   848|
|5     |LUT3   |   608|
|6     |LUT4   |   416|
|7     |LUT5   |    96|
|8     |LUT6   |   416|
|9     |FDCE   |   512|
|10    |IBUF   |   140|
|11    |OBUF   |   512|
+------+-------+------+

Report Instance Areas: 
+------+------------------------+------------+------+
|      |Instance                |Module      |Cells |
+------+------------------------+------------+------+
|1     |top                     |            |  3870|
|2     |  \mac_array[0].u_mac   |mac_unit    |   201|
|3     |  \mac_array[10].u_mac  |mac_unit_0  |   201|
|4     |  \mac_array[11].u_mac  |mac_unit_1  |   201|
|5     |  \mac_array[12].u_mac  |mac_unit_2  |   201|
|6     |  \mac_array[13].u_mac  |mac_unit_3  |   201|
|7     |  \mac_array[14].u_mac  |mac_unit_4  |   201|
|8     |  \mac_array[15].u_mac  |mac_unit_5  |   202|
|9     |  \mac_array[1].u_mac   |mac_unit_6  |   201|
|10    |  \mac_array[2].u_mac   |mac_unit_7  |   201|
|11    |  \mac_array[3].u_mac   |mac_unit_8  |   201|
|12    |  \mac_array[4].u_mac   |mac_unit_9  |   201|
|13    |  \mac_array[5].u_mac   |mac_unit_10 |   201|
|14    |  \mac_array[6].u_mac   |mac_unit_11 |   201|
|15    |  \mac_array[7].u_mac   |mac_unit_12 |   201|
|16    |  \mac_array[8].u_mac   |mac_unit_13 |   201|
|17    |  \mac_array[9].u_mac   |mac_unit_14 |   201|
+------+------------------------+------------+------+
---------------------------------------------------------------------------------
Finished Writing Synthesis Report : Time (s): cpu = 00:00:11 ; elapsed = 00:00:11 . Memory (MB): peak = 2720.023 ; gain = 985.289 ; free physical = 6013 ; free virtual = 14591
---------------------------------------------------------------------------------
Synthesis finished with 0 errors, 0 critical warnings and 0 warnings.
Synthesis Optimization Runtime : Time (s): cpu = 00:00:11 ; elapsed = 00:00:12 . Memory (MB): peak = 2720.023 ; gain = 985.289 ; free physical = 6013 ; free virtual = 14591
Synthesis Optimization Complete : Time (s): cpu = 00:00:11 ; elapsed = 00:00:12 . Memory (MB): peak = 2722.992 ; gain = 985.289 ; free physical = 6013 ; free virtual = 14591
INFO: [Project 1-571] Translating synthesized netlist
Netlist sorting complete. Time (s): cpu = 00:00:00.01 ; elapsed = 00:00:00.01 . Memory (MB): peak = 2734.898 ; gain = 0.000 ; free physical = 6150 ; free virtual = 14729
INFO: [Netlist 29-17] Analyzing 320 Unisim elements for replacement
INFO: [Netlist 29-28] Unisim Transformation completed in 0 CPU seconds
INFO: [Project 1-570] Preparing netlist for logic optimization
INFO: [Opt 31-138] Pushed 0 inverter(s) to 0 load pin(s).
Netlist sorting complete. Time (s): cpu = 00:00:00 ; elapsed = 00:00:00 . Memory (MB): peak = 2886.449 ; gain = 0.000 ; free physical = 6033 ; free virtual = 14626
INFO: [Project 1-111] Unisim Transformation Summary:
No Unisim elements were transformed.

Synth Design complete | Checksum: 1d6b062b
INFO: [Common 17-83] Releasing license: Vivado_Synthesis
16 Infos, 0 Warnings, 0 Critical Warnings and 0 Errors encountered.
synth_design completed successfully
synth_design: Time (s): cpu = 00:00:16 ; elapsed = 00:00:15 . Memory (MB): peak = 2889.418 ; gain = 1154.684 ; free physical = 6022 ; free virtual = 14616
INFO: [Common 17-2834] synth_design peak Physical Memory [PSS] (MB): overall = 1948.087; main = 1948.087; forked = 273.835
INFO: [Common 17-2834] synth_design peak Virtual Memory [VSS] (MB): overall = 3658.961; main = 2889.422; forked = 1062.746
Write ShapeDB Complete: Time (s): cpu = 00:00:00.03 ; elapsed = 00:00:00.01 . Memory (MB): peak = 2913.430 ; gain = 0.000 ; free physical = 6020 ; free virtual = 14616
INFO: [Common 17-1381] The checkpoint '/home/dulana/Documents/DVcon/DVconstage2B/DVconstage2B.runs/synth_1/pointwise_conv.dcp' has been generated.
INFO: [Vivado 12-24828] Executing command : report_utilization -file pointwise_conv_utilization_synth.rpt -pb pointwise_conv_utilization_synth.pb
INFO: [Common 17-206] Exiting Vivado at Sat Jun 27 01:10:40 2026...
